2018-08-21 15:11:38,022 INFO o.a.j.u.JMeterUtils: Setting Locale to zh_CN
2018-08-21 15:11:38,043 INFO o.a.j.JMeter: Loading user properties from: /Users/tcxy/Tools/apache-jmeter-3.2/bin/user.properties
2018-08-21 15:11:38,045 INFO o.a.j.JMeter: Loading system properties from: /Users/tcxy/Tools/apache-jmeter-3.2/bin/system.properties
2018-08-21 15:11:38,057 INFO o.a.j.JMeter: Copyright (c) 1998-2017 The Apache Software Foundation
2018-08-21 15:11:38,057 INFO o.a.j.JMeter: Version 3.2 r1790748
2018-08-21 15:11:38,057 INFO o.a.j.JMeter: java.version=1.8.0_131
2018-08-21 15:11:38,057 INFO o.a.j.JMeter: java.vm.name=Java HotSpot(TM) 64-Bit Server VM
2018-08-21 15:11:38,057 INFO o.a.j.JMeter: os.name=Mac OS X
2018-08-21 15:11:38,057 INFO o.a.j.JMeter: os.arch=x86_64
2018-08-21 15:11:38,057 INFO o.a.j.JMeter: os.version=10.12.6
2018-08-21 15:11:38,057 INFO o.a.j.JMeter: file.encoding=UTF-8
2018-08-21 15:11:38,058 INFO o.a.j.JMeter: Max memory     =536870912
2018-08-21 15:11:38,058 INFO o.a.j.JMeter: Available Processors =4
2018-08-21 15:11:38,080 INFO o.a.j.JMeter: Default Locale=中文 (中国)
2018-08-21 15:11:38,081 INFO o.a.j.JMeter: JMeter  Locale=中文 (中国)
2018-08-21 15:11:38,081 INFO o.a.j.JMeter: JMeterHome=/Users/tcxy/Tools/apache-jmeter-3.2
2018-08-21 15:11:38,081 INFO o.a.j.JMeter: user.dir  =/Users/tcxy/myproj/easyapi-1/templates
2018-08-21 15:11:38,081 INFO o.a.j.JMeter: PWD       =/Users/tcxy/myproj/easyapi-1/templates
2018-08-21 15:11:43,095 INFO o.a.j.JMeter: IP: 172.19.163.226 Name: zhengjldeMacBook-Air.local FullName: 172.19.163.226
2018-08-21 15:11:45,739 INFO o.a.j.g.a.LookAndFeelCommand: Using look and feel: com.apple.laf.AquaLookAndFeel [Mac OS X, System]
2018-08-21 15:11:45,747 INFO o.a.j.JMeter: Loaded icon properties from org/apache/jmeter/images/icon.properties
2018-08-21 15:11:47,716 INFO o.a.j.e.u.CompoundVariable: Note: Function class names must contain the string: '.functions.'
2018-08-21 15:11:47,716 INFO o.a.j.e.u.CompoundVariable: Note: Function class names must not contain the string: '.gui.'
2018-08-21 15:11:49,162 WARN o.j.r.PluginManager: Found JAR conflict: /Users/tcxy/Tools/apache-jmeter-3.2/lib/ext/jmeter-plugins-casutg-2.1.jar and /Users/tcxy/Tools/apache-jmeter-3.2/lib/ext/jmeter-plugins-casutg-2.0.jar
2018-08-21 15:12:00,850 WARN o.j.r.PluginManagerMenuItem: Failed to load plugin updates info
java.net.SocketTimeoutException: Read timed out
	at java.net.SocketInputStream.socketRead0(Native Method) ~[?:1.8.0_131]
	at java.net.SocketInputStream.socketRead(SocketInputStream.java:116) ~[?:1.8.0_131]
	at java.net.SocketInputStream.read(SocketInputStream.java:171) ~[?:1.8.0_131]
	at java.net.SocketInputStream.read(SocketInputStream.java:141) ~[?:1.8.0_131]
	at sun.security.ssl.InputRecord.readFully(InputRecord.java:465) ~[?:1.8.0_131]
	at sun.security.ssl.InputRecord.readV3Record(InputRecord.java:593) ~[?:1.8.0_131]
	at sun.security.ssl.InputRecord.read(InputRecord.java:532) ~[?:1.8.0_131]
	at sun.security.ssl.SSLSocketImpl.readRecord(SSLSocketImpl.java:973) ~[?:1.8.0_131]
	at sun.security.ssl.SSLSocketImpl.readDataRecord(SSLSocketImpl.java:930) ~[?:1.8.0_131]
	at sun.security.ssl.AppInputStream.read(AppInputStream.java:105) ~[?:1.8.0_131]
	at org.apache.http.impl.io.AbstractSessionInputBuffer.fillBuffer(AbstractSessionInputBuffer.java:158) ~[httpcore-4.4.6.jar:4.4.6]
	at org.apache.http.impl.io.SocketInputBuffer.fillBuffer(SocketInputBuffer.java:82) ~[httpcore-4.4.6.jar:4.4.6]
	at org.apache.http.impl.io.AbstractSessionInputBuffer.read(AbstractSessionInputBuffer.java:204) ~[httpcore-4.4.6.jar:4.4.6]
	at org.apache.http.impl.io.ChunkedInputStream.read(ChunkedInputStream.java:189) ~[httpcore-4.4.6.jar:4.4.6]
	at org.apache.http.impl.io.ChunkedInputStream.read(ChunkedInputStream.java:213) ~[httpcore-4.4.6.jar:4.4.6]
	at org.apache.http.entity.BasicHttpEntity.writeTo(BasicHttpEntity.java:116) ~[httpcore-4.4.6.jar:4.4.6]
	at org.apache.http.entity.HttpEntityWrapper.writeTo(HttpEntityWrapper.java:94) ~[httpcore-4.4.6.jar:4.4.6]
	at org.apache.http.conn.BasicManagedEntity.writeTo(BasicManagedEntity.java:117) ~[httpclient-4.5.3.jar:4.5.3]
	at org.jmeterplugins.repository.JARSourceHTTP.getJSON(JARSourceHTTP.java:119) ~[jmeter-plugins-manager-0.15.jar:?]
	at org.jmeterplugins.repository.JARSourceHTTP.getRepositories(JARSourceHTTP.java:146) ~[jmeter-plugins-manager-0.15.jar:?]
	at org.jmeterplugins.repository.JARSourceHTTP.getRepo(JARSourceHTTP.java:173) ~[jmeter-plugins-manager-0.15.jar:?]
	at org.jmeterplugins.repository.PluginManager.load(PluginManager.java:69) ~[jmeter-plugins-manager-0.15.jar:?]
	at org.jmeterplugins.repository.PluginManagerMenuItem.<init>(PluginManagerMenuItem.java:34) [jmeter-plugins-manager-0.15.jar:?]
	at org.jmeterplugins.repository.PluginManagerMenuCreator.getMenuItemsAtLocation(PluginManagerMenuCreator.java:22) [jmeter-plugins-manager-0.15.jar:?]
	at org.apache.jmeter.gui.util.JMeterMenuBar.addPluginsMenuItems(JMeterMenuBar.java:594) [ApacheJMeter_core.jar:3.2 r1790748]
	at org.apache.jmeter.gui.util.JMeterMenuBar.makeOptionsMenu(JMeterMenuBar.java:370) [ApacheJMeter_core.jar:3.2 r1790748]
	at org.apache.jmeter.gui.util.JMeterMenuBar.createMenuBar(JMeterMenuBar.java:268) [ApacheJMeter_core.jar:3.2 r1790748]
	at org.apache.jmeter.gui.util.JMeterMenuBar.<init>(JMeterMenuBar.java:164) [ApacheJMeter_core.jar:3.2 r1790748]
	at org.apache.jmeter.gui.MainFrame.init(MainFrame.java:510) [ApacheJMeter_core.jar:3.2 r1790748]
	at org.apache.jmeter.gui.MainFrame.<init>(MainFrame.java:240) [ApacheJMeter_core.jar:3.2 r1790748]
	at org.apache.jmeter.JMeter.startGui(JMeter.java:375) [ApacheJMeter_core.jar:3.2 r1790748]
	at org.apache.jmeter.JMeter.start(JMeter.java:519) [ApacheJMeter_core.jar:3.2 r1790748]
	at sun.reflect.NativeMethodAccessorImpl.invoke0(Native Method) ~[?:1.8.0_131]
	at sun.reflect.NativeMethodAccessorImpl.invoke(NativeMethodAccessorImpl.java:62) ~[?:1.8.0_131]
	at sun.reflect.DelegatingMethodAccessorImpl.invoke(DelegatingMethodAccessorImpl.java:43) ~[?:1.8.0_131]
	at java.lang.reflect.Method.invoke(Method.java:498) ~[?:1.8.0_131]
	at org.apache.jmeter.NewDriver.main(NewDriver.java:248) [ApacheJMeter.jar:3.2 r1790748]
2018-08-21 15:12:01,967 INFO o.a.j.p.h.s.HTTPSamplerBase: Parser for text/html is org.apache.jmeter.protocol.http.parser.LagartoBasedHtmlParser
2018-08-21 15:12:01,968 INFO o.a.j.p.h.s.HTTPSamplerBase: Parser for application/xhtml+xml is org.apache.jmeter.protocol.http.parser.LagartoBasedHtmlParser
2018-08-21 15:12:01,969 INFO o.a.j.p.h.s.HTTPSamplerBase: Parser for application/xml is org.apache.jmeter.protocol.http.parser.LagartoBasedHtmlParser
2018-08-21 15:12:01,969 INFO o.a.j.p.h.s.HTTPSamplerBase: Parser for text/xml is org.apache.jmeter.protocol.http.parser.LagartoBasedHtmlParser
2018-08-21 15:12:01,969 INFO o.a.j.p.h.s.HTTPSamplerBase: Parser for text/vnd.wap.wml is org.apache.jmeter.protocol.http.parser.RegexpHTMLParser
2018-08-21 15:12:01,969 INFO o.a.j.p.h.s.HTTPSamplerBase: Parser for text/css is org.apache.jmeter.protocol.http.parser.CssParser
2018-08-21 15:12:02,685 WARN o.a.j.g.ObjectTableModel: Header count=13 but classes count=11
2018-08-21 15:12:02,685 WARN o.a.j.g.ObjectTableModel: Header count=13 but writeFunctor count=11
2018-08-21 15:12:03,397 INFO o.a.j.g.u.MenuFactory: Skipping org.apache.jmeter.assertions.BSFAssertion
2018-08-21 15:12:04,254 INFO o.a.j.g.u.MenuFactory: Skipping org.apache.jmeter.extractor.BSFPostProcessor
2018-08-21 15:12:04,307 INFO o.a.j.g.u.MenuFactory: Skipping org.apache.jmeter.modifiers.BSFPreProcessor
2018-08-21 15:12:05,054 INFO o.a.j.e.KeyToolUtils: keytool found at 'keytool'
2018-08-21 15:12:05,055 INFO o.a.j.p.h.p.ProxyControl: HTTP(S) Test Script Recorder SSL Proxy will use keys that support embedded 3rd party resources in file /Users/tcxy/Tools/apache-jmeter-3.2/bin/proxyserver.jks
2018-08-21 15:12:05,314 INFO o.a.j.g.u.MenuFactory: Skipping org.apache.jmeter.protocol.java.sampler.BSFSampler
2018-08-21 15:12:05,434 INFO o.a.j.s.FileServer: Default base='/Users/tcxy/myproj/easyapi-1/templates'
2018-08-21 15:12:05,592 INFO o.a.j.g.u.MenuFactory: Skipping org.apache.jmeter.protocol.mongodb.config.MongoSourceElement
2018-08-21 15:12:05,592 INFO o.a.j.g.u.MenuFactory: Skipping org.apache.jmeter.protocol.mongodb.sampler.MongoScriptSampler
2018-08-21 15:12:05,834 INFO o.a.j.g.u.MenuFactory: Skipping org.apache.jmeter.timers.BSFTimer
2018-08-21 15:12:05,881 INFO o.a.j.g.u.MenuFactory: Skipping org.apache.jmeter.visualizers.BSFListener
2018-08-21 15:12:06,119 INFO o.a.j.s.SampleResult: Note: Sample TimeStamps are START times
2018-08-21 15:12:06,119 INFO o.a.j.s.SampleResult: sampleresult.default.encoding is set to ISO-8859-1
2018-08-21 15:12:06,119 INFO o.a.j.s.SampleResult: sampleresult.useNanoTime=true
2018-08-21 15:12:06,119 INFO o.a.j.s.SampleResult: sampleresult.nanoThreadSleep=5000
2018-08-21 15:17:54,620 INFO o.a.j.s.FileServer: Set new base='/Users/tcxy/Documents/公司文档/测试文档'
2018-08-21 15:17:55,029 INFO o.a.j.s.SaveService: Testplan (JMX) version: 2.2. Testlog (JTL) version: 2.2
2018-08-21 15:17:55,037 INFO o.a.j.s.SaveService: Using SaveService properties file encoding UTF-8
2018-08-21 15:17:55,040 INFO o.a.j.s.SaveService: Using SaveService properties version 3.2
2018-08-21 15:17:55,097 INFO o.a.j.e.StandardJMeterEngine: Running the test!
2018-08-21 15:17:55,100 INFO o.a.j.s.SampleEvent: List of sample_variables: []
2018-08-21 15:17:55,100 INFO o.a.j.s.SampleEvent: List of sample_variables: []
2018-08-21 15:17:55,109 INFO o.a.j.g.u.JMeterMenuBar: setRunning(true, *local*)
2018-08-21 15:17:55,379 INFO o.a.j.e.StandardJMeterEngine: Starting ThreadGroup: 1 : 线程组
2018-08-21 15:17:55,379 INFO o.a.j.e.StandardJMeterEngine: Starting 1 threads for group 线程组.
2018-08-21 15:17:55,379 INFO o.a.j.e.StandardJMeterEngine: Thread will continue on error
2018-08-21 15:17:55,380 INFO o.a.j.t.ThreadGroup: Starting thread group... number=1 threads=1 ramp-up=1 perThread=1000.0 delayedStart=false
2018-08-21 15:17:55,385 INFO o.a.j.t.ThreadGroup: Started thread group number 1
2018-08-21 15:17:55,385 INFO o.a.j.e.StandardJMeterEngine: All thread groups have been started
2018-08-21 15:17:55,387 INFO o.a.j.t.JMeterThread: Thread started: 线程组 1-1
2018-08-21 15:17:55,403 INFO o.a.j.p.h.s.HTTPHCAbstractImpl: Local host = zhengjldeMacBook-Air.local
2018-08-21 15:17:55,414 INFO o.a.j.p.h.s.HTTPHC4Impl: HTTP request retry count = 0
2018-08-21 15:17:55,442 INFO o.a.j.t.JMeterThread: Thread is done: 线程组 1-1
2018-08-21 15:17:55,443 INFO o.a.j.t.JMeterThread: Thread finished: 线程组 1-1
2018-08-21 15:17:55,445 INFO o.a.j.e.StandardJMeterEngine: Notifying test listeners of end of test
2018-08-21 15:17:55,453 INFO o.a.j.g.u.JMeterMenuBar: setRunning(false, *local*)
2018-08-21 15:17:58,336 INFO o.a.j.e.StandardJMeterEngine: Running the test!
2018-08-21 15:17:58,337 INFO o.a.j.s.SampleEvent: List of sample_variables: []
2018-08-21 15:17:58,340 INFO o.a.j.g.u.JMeterMenuBar: setRunning(true, *local*)
2018-08-21 15:17:58,530 INFO o.a.j.e.StandardJMeterEngine: Starting ThreadGroup: 1 : 线程组
2018-08-21 15:17:58,531 INFO o.a.j.e.StandardJMeterEngine: Starting 1 threads for group 线程组.
2018-08-21 15:17:58,531 INFO o.a.j.e.StandardJMeterEngine: Thread will continue on error
2018-08-21 15:17:58,532 INFO o.a.j.t.ThreadGroup: Starting thread group... number=1 threads=1 ramp-up=1 perThread=1000.0 delayedStart=false
2018-08-21 15:17:58,533 INFO o.a.j.t.ThreadGroup: Started thread group number 1
2018-08-21 15:17:58,533 INFO o.a.j.e.StandardJMeterEngine: All thread groups have been started
2018-08-21 15:17:58,534 INFO o.a.j.t.JMeterThread: Thread started: 线程组 1-1
2018-08-21 15:17:58,537 INFO o.a.j.t.JMeterThread: Thread is done: 线程组 1-1
2018-08-21 15:17:58,537 INFO o.a.j.t.JMeterThread: Thread finished: 线程组 1-1
2018-08-21 15:17:58,538 INFO o.a.j.e.StandardJMeterEngine: Notifying test listeners of end of test
2018-08-21 15:17:58,539 INFO o.a.j.g.u.JMeterMenuBar: setRunning(false, *local*)
2018-08-21 15:18:29,090 INFO o.a.j.e.StandardJMeterEngine: Running the test!
2018-08-21 15:18:29,090 INFO o.a.j.s.SampleEvent: List of sample_variables: []
2018-08-21 15:18:29,099 INFO o.a.j.g.u.JMeterMenuBar: setRunning(true, *local*)
2018-08-21 15:18:29,275 INFO o.a.j.e.StandardJMeterEngine: Starting ThreadGroup: 1 : 线程组
2018-08-21 15:18:29,275 INFO o.a.j.e.StandardJMeterEngine: Starting 1 threads for group 线程组.
2018-08-21 15:18:29,276 INFO o.a.j.e.StandardJMeterEngine: Thread will continue on error
2018-08-21 15:18:29,276 INFO o.a.j.t.ThreadGroup: Starting thread group... number=1 threads=1 ramp-up=1 perThread=1000.0 delayedStart=false
2018-08-21 15:18:29,276 INFO o.a.j.t.ThreadGroup: Started thread group number 1
2018-08-21 15:18:29,277 INFO o.a.j.e.StandardJMeterEngine: All thread groups have been started
2018-08-21 15:18:29,277 INFO o.a.j.t.JMeterThread: Thread started: 线程组 1-1
2018-08-21 15:18:29,279 INFO o.a.j.t.JMeterThread: Thread is done: 线程组 1-1
2018-08-21 15:18:29,279 INFO o.a.j.t.JMeterThread: Thread finished: 线程组 1-1
2018-08-21 15:18:29,280 INFO o.a.j.e.StandardJMeterEngine: Notifying test listeners of end of test
2018-08-21 15:18:29,280 INFO o.a.j.g.u.JMeterMenuBar: setRunning(false, *local*)
2018-08-21 15:19:52,414 INFO o.a.j.e.StandardJMeterEngine: Running the test!
2018-08-21 15:19:52,416 INFO o.a.j.s.SampleEvent: List of sample_variables: []
2018-08-21 15:19:52,424 INFO o.a.j.g.u.JMeterMenuBar: setRunning(true, *local*)
2018-08-21 15:19:52,617 INFO o.a.j.e.StandardJMeterEngine: Starting ThreadGroup: 1 : 线程组
2018-08-21 15:19:52,618 INFO o.a.j.e.StandardJMeterEngine: Starting 1 threads for group 线程组.
2018-08-21 15:19:52,618 INFO o.a.j.e.StandardJMeterEngine: Thread will continue on error
2018-08-21 15:19:52,618 INFO o.a.j.t.ThreadGroup: Starting thread group... number=1 threads=1 ramp-up=1 perThread=1000.0 delayedStart=false
2018-08-21 15:19:52,619 INFO o.a.j.t.ThreadGroup: Started thread group number 1
2018-08-21 15:19:52,619 INFO o.a.j.e.StandardJMeterEngine: All thread groups have been started
2018-08-21 15:19:52,621 INFO o.a.j.t.JMeterThread: Thread started: 线程组 1-1
2018-08-21 15:19:52,623 INFO o.a.j.t.JMeterThread: Thread is done: 线程组 1-1
2018-08-21 15:19:52,623 INFO o.a.j.t.JMeterThread: Thread finished: 线程组 1-1
2018-08-21 15:19:52,623 INFO o.a.j.e.StandardJMeterEngine: Notifying test listeners of end of test
2018-08-21 15:19:52,625 INFO o.a.j.g.u.JMeterMenuBar: setRunning(false, *local*)
2018-08-21 15:20:44,595 INFO o.a.j.e.StandardJMeterEngine: Running the test!
2018-08-21 15:20:44,597 INFO o.a.j.s.SampleEvent: List of sample_variables: []
2018-08-21 15:20:44,601 INFO o.a.j.g.u.JMeterMenuBar: setRunning(true, *local*)
2018-08-21 15:20:44,790 INFO o.a.j.e.StandardJMeterEngine: Starting ThreadGroup: 1 : 线程组
2018-08-21 15:20:44,790 INFO o.a.j.e.StandardJMeterEngine: Starting 1 threads for group 线程组.
2018-08-21 15:20:44,790 INFO o.a.j.e.StandardJMeterEngine: Thread will continue on error
2018-08-21 15:20:44,790 INFO o.a.j.t.ThreadGroup: Starting thread group... number=1 threads=1 ramp-up=1 perThread=1000.0 delayedStart=false
2018-08-21 15:20:44,791 INFO o.a.j.t.ThreadGroup: Started thread group number 1
2018-08-21 15:20:44,791 INFO o.a.j.e.StandardJMeterEngine: All thread groups have been started
2018-08-21 15:20:44,792 INFO o.a.j.t.JMeterThread: Thread started: 线程组 1-1
2018-08-21 15:20:44,921 INFO o.a.j.t.JMeterThread: Thread is done: 线程组 1-1
2018-08-21 15:20:44,921 INFO o.a.j.t.JMeterThread: Thread finished: 线程组 1-1
2018-08-21 15:20:44,924 INFO o.a.j.e.StandardJMeterEngine: Notifying test listeners of end of test
2018-08-21 15:20:44,924 INFO o.a.j.g.u.JMeterMenuBar: setRunning(false, *local*)
2018-08-21 15:21:11,526 INFO o.a.j.e.StandardJMeterEngine: Running the test!
2018-08-21 15:21:11,528 INFO o.a.j.s.SampleEvent: List of sample_variables: []
2018-08-21 15:21:11,542 INFO o.a.j.g.u.JMeterMenuBar: setRunning(true, *local*)
2018-08-21 15:21:11,718 INFO o.a.j.e.StandardJMeterEngine: Starting ThreadGroup: 1 : 线程组
2018-08-21 15:21:11,718 INFO o.a.j.e.StandardJMeterEngine: Starting 1 threads for group 线程组.
2018-08-21 15:21:11,719 INFO o.a.j.e.StandardJMeterEngine: Thread will continue on error
2018-08-21 15:21:11,719 INFO o.a.j.t.ThreadGroup: Starting thread group... number=1 threads=1 ramp-up=1 perThread=1000.0 delayedStart=false
2018-08-21 15:21:11,720 INFO o.a.j.t.ThreadGroup: Started thread group number 1
2018-08-21 15:21:11,720 INFO o.a.j.e.StandardJMeterEngine: All thread groups have been started
2018-08-21 15:21:11,721 INFO o.a.j.t.JMeterThread: Thread started: 线程组 1-1
2018-08-21 15:21:11,870 INFO o.a.j.t.JMeterThread: Thread is done: 线程组 1-1
2018-08-21 15:21:11,870 INFO o.a.j.t.JMeterThread: Thread finished: 线程组 1-1
2018-08-21 15:21:11,871 INFO o.a.j.e.StandardJMeterEngine: Notifying test listeners of end of test
2018-08-21 15:21:11,872 INFO o.a.j.g.u.JMeterMenuBar: setRunning(false, *local*)
2018-08-21 16:12:33,064 INFO o.a.j.e.StandardJMeterEngine: Running the test!
2018-08-21 16:12:33,070 INFO o.a.j.s.SampleEvent: List of sample_variables: []
2018-08-21 16:12:33,076 INFO o.a.j.g.u.JMeterMenuBar: setRunning(true, *local*)
2018-08-21 16:12:33,455 INFO o.a.j.e.StandardJMeterEngine: Starting ThreadGroup: 1 : 线程组
2018-08-21 16:12:33,456 INFO o.a.j.e.StandardJMeterEngine: Starting 1 threads for group 线程组.
2018-08-21 16:12:33,456 INFO o.a.j.e.StandardJMeterEngine: Thread will continue on error
2018-08-21 16:12:33,456 INFO o.a.j.t.ThreadGroup: Starting thread group... number=1 threads=1 ramp-up=1 perThread=1000.0 delayedStart=false
2018-08-21 16:12:33,458 INFO o.a.j.t.ThreadGroup: Started thread group number 1
2018-08-21 16:12:33,458 INFO o.a.j.e.StandardJMeterEngine: All thread groups have been started
2018-08-21 16:12:33,464 INFO o.a.j.t.JMeterThread: Thread started: 线程组 1-1
2018-08-21 16:13:22,397 INFO o.a.j.g.a.Start: Stopping test
2018-08-21 16:13:22,425 INFO o.a.j.t.JMeterThread: Stopping: 线程组 1-1
2018-08-21 16:13:22,426 WARN o.a.j.t.JMeterThread: Interrupting: 线程组 1-1 sampler: HTTP请求
2018-08-21 16:13:22,428 INFO o.a.j.t.JMeterThread: Thread finished: 线程组 1-1
2018-08-21 16:13:22,428 INFO o.a.j.e.StandardJMeterEngine: Notifying test listeners of end of test
2018-08-21 16:13:22,494 INFO o.a.j.g.u.JMeterMenuBar: setRunning(false, *local*)
